<?xml version="1.0" encoding="UTF-8"?>
<!-- Generated by org.testng.reporters.JUnitReportReporter -->
<testsuite skipped="1" hostname="PTPLL325" name="com.myauto.ScripFinder" tests="3" failures="0" timestamp="27 Jul 2017 18:14:22 GMT" time="1161.557" errors="0">
  <testcase name="checkDelivery" time="1154.457" classname="com.myauto.ScripFinder"/>
  <testcase name="compareScrips" time="7.100" classname="com.myauto.ScripFinder"/>
  <testcase name="updateDiff" classname="com.myauto.ScripFinder">
    <skipped/>
  </testcase> <!-- updateDiff -->
</testsuite> <!-- com.myauto.ScripFinder -->
