<?xml version="1.0" encoding="UTF-8"?>
<!-- Generated by org.testng.reporters.JUnitReportReporter -->
<testsuite name="com.myauto.AppTest" tests="1" time="73.136" ignored="0" failures="0" timestamp="09 Jun 2017 06:24:22 GMT" skipped="0" hostname="PTPLL325" errors="0">
  <testcase name="checkDelivery" time="73.136" classname="com.myauto.AppTest"/>
</testsuite> <!-- com.myauto.AppTest -->
